1144  execve("./SessionPool.out", ["./SessionPool.out"], [/* 33 vars */]) = 0
1144  brk(0)                            = 0x9e84000
1144  mmap2(NULL, 4096, PROT_READ|PROT_WRITE, MAP_PRIVATE|MAP_ANONYMOUS, -1, 0) = 0xb7775000
1144  access("/etc/ld.so.preload", R_OK) = -1 ENOENT (No such file or directory)
1144  open("/etc/ld.so.cache", O_RDONLY|O_CLOEXEC) = 3
1144  fstat64(3, {st_mode=S_IFREG|0644, st_size=114085, ...}) = 0
1144  mmap2(NULL, 114085, PROT_READ, MAP_PRIVATE, 3, 0) = 0xb7759000
1144  close(3)                          = 0
1144  open("/lib/libboost_serialization.so.1.50.0", O_RDONLY|O_CLOEXEC) = 3
1144  read(3, "\177ELF\1\1\1\0\0\0\0\0\0\0\0\0\3\0\3\0\1\0\0\0\220\230\3\0004\0\0\0"..., 512) = 512
1144  fstat64(3, {st_mode=S_IFREG|0755, st_size=447800, ...}) = 0
1144  mmap2(NULL, 447300, PROT_READ|PROT_EXEC, MAP_PRIVATE|MAP_DENYWRITE, 3, 0) = 0xb76eb000
1144  mmap2(0xb7756000, 8192, PROT_READ|PROT_WRITE, MAP_PRIVATE|MAP_FIXED|MAP_DENYWRITE, 3, 0x6b) = 0xb7756000
1144  mmap2(0xb7758000, 836, PROT_READ|PROT_WRITE, MAP_PRIVATE|MAP_FIXED|MAP_ANONYMOUS, -1, 0) = 0xb7758000
1144  close(3)                          = 0
1144  open("/lib/libboost_thread.so.1.50.0", O_RDONLY|O_CLOEXEC) = 3
1144  read(3, "\177ELF\1\1\1\0\0\0\0\0\0\0\0\0\3\0\3\0\1\0\0\0\340\317\0\0004\0\0\0"..., 512) = 512
1144  fstat64(3, {st_mode=S_IFREG|0755, st_size=124680, ...}) = 0
1144  mmap2(NULL, 127552, PROT_READ|PROT_EXEC, MAP_PRIVATE|MAP_DENYWRITE, 3, 0) = 0xb76cb000
1144  mmap2(0xb76e9000, 8192, PROT_READ|PROT_WRITE, MAP_PRIVATE|MAP_FIXED|MAP_DENYWRITE, 3, 0x1d) = 0xb76e9000
1144  close(3)                          = 0
1144  open("/lib/libdl.so.2", O_RDONLY|O_CLOEXEC) = 3
1144  read(3, "\177ELF\1\1\1\0\0\0\0\0\0\0\0\0\3\0\3\0\1\0\0\0\320\n\0\0004\0\0\0"..., 512) = 512
1144  fstat64(3, {st_mode=S_IFREG|0755, st_size=13856, ...}) = 0
1144  mmap2(NULL, 16500, PROT_READ|PROT_EXEC, MAP_PRIVATE|MAP_DENYWRITE, 3, 0) = 0xb76c6000
1144  mmap2(0xb76c9000, 8192, PROT_READ|PROT_WRITE, MAP_PRIVATE|MAP_FIXED|MAP_DENYWRITE, 3, 0x2) = 0xb76c9000
1144  close(3)                          = 0
1144  open("/lib/libpthread.so.0", O_RDONLY|O_CLOEXEC) = 3
1144  read(3, "\177ELF\1\1\1\0\0\0\0\0\0\0\0\0\3\0\3\0\1\0\0\0P[\0\0004\0\0\0"..., 512) = 512
1144  fstat64(3, {st_mode=S_IFREG|0755, st_size=130430, ...}) = 0
1144  mmap2(NULL, 107004, PROT_READ|PROT_EXEC, MAP_PRIVATE|MAP_DENYWRITE, 3, 0) = 0xb76ab000
1144  mmap2(0xb76c2000, 8192, PROT_READ|PROT_WRITE, MAP_PRIVATE|MAP_FIXED|MAP_DENYWRITE, 3, 0x16) = 0xb76c2000
1144  mmap2(0xb76c4000, 4604, PROT_READ|PROT_WRITE, MAP_PRIVATE|MAP_FIXED|MAP_ANONYMOUS, -1, 0) = 0xb76c4000
1144  close(3)                          = 0
1144  open("/lib/libboost_system.so.1.50.0", O_RDONLY|O_CLOEXEC) = 3
1144  read(3, "\177ELF\1\1\1\0\0\0\0\0\0\0\0\0\3\0\3\0\1\0\0\0\200\f\0\0004\0\0\0"..., 512) = 512
1144  fstat64(3, {st_mode=S_IFREG|0755, st_size=10236, ...}) = 0
1144  mmap2(NULL, 4096, PROT_READ|PROT_WRITE, MAP_PRIVATE|MAP_ANONYMOUS, -1, 0) = 0xb76aa000
1144  mmap2(NULL, 8896, PROT_READ|PROT_EXEC, MAP_PRIVATE|MAP_DENYWRITE, 3, 0) = 0xb76a7000
1144  mmap2(0xb76a9000, 4096, PROT_READ|PROT_WRITE, MAP_PRIVATE|MAP_FIXED|MAP_DENYWRITE, 3, 0x2) = 0xb76a9000
1144  close(3)                          = 0
1144  open("/lib/libstdc++.so.6", O_RDONLY|O_CLOEXEC) = 3
1144  read(3, "\177ELF\1\1\1\0\0\0\0\0\0\0\0\0\3\0\3\0\1\0\0\0 f\4\0004\0\0\0"..., 512) = 512
1144  fstat64(3, {st_mode=S_IFREG|0755, st_size=922184, ...}) = 0
1144  mmap2(NULL, 947732, PROT_READ|PROT_EXEC, MAP_PRIVATE|MAP_DENYWRITE, 3, 0) = 0xb75bf000
1144  mmap2(0xb769b000, 20480, PROT_READ|PROT_WRITE, MAP_PRIVATE|MAP_FIXED|MAP_DENYWRITE, 3, 0xdc) = 0xb769b000
1144  mmap2(0xb76a0000, 26132, PROT_READ|PROT_WRITE, MAP_PRIVATE|MAP_FIXED|MAP_ANONYMOUS, -1, 0) = 0xb76a0000
1144  close(3)                          = 0
1144  open("/lib/libm.so.6", O_RDONLY|O_CLOEXEC) = 3
1144  read(3, "\177ELF\1\1\1\0\0\0\0\0\0\0\0\0\3\0\3\0\1\0\0\0\220D\0\0004\0\0\0"..., 512) = 512
1144  fstat64(3, {st_mode=S_IFREG|0755, st_size=255512, ...}) = 0
1144  mmap2(NULL, 258176, PROT_READ|PROT_EXEC, MAP_PRIVATE|MAP_DENYWRITE, 3, 0) = 0xb757f000
1144  mmap2(0xb75bd000, 8192, PROT_READ|PROT_WRITE, MAP_PRIVATE|MAP_FIXED|MAP_DENYWRITE, 3, 0x3d) = 0xb75bd000
1144  close(3)                          = 0
1144  open("/lib/libgcc_s.so.1", O_RDONLY|O_CLOEXEC) = 3
1144  read(3, "\177ELF\1\1\1\0\0\0\0\0\0\0\0\0\3\0\3\0\1\0\0\0  \0\0004\0\0\0"..., 512) = 512
1144  fstat64(3, {st_mode=S_IFREG|0644, st_size=113256, ...}) = 0
1144  mmap2(NULL, 116336, PROT_READ|PROT_EXEC, MAP_PRIVATE|MAP_DENYWRITE, 3, 0) = 0xb7562000
1144  mmap2(0xb757e000, 4096, PROT_READ|PROT_WRITE, MAP_PRIVATE|MAP_FIXED|MAP_DENYWRITE, 3, 0x1b) = 0xb757e000
1144  close(3)                          = 0
1144  open("/lib/libc.so.6", O_RDONLY|O_CLOEXEC) = 3
1144  read(3, "\177ELF\1\1\1\3\0\0\0\0\0\0\0\0\3\0\3\0\1\0\0\0`\227\1\0004\0\0\0"..., 512) = 512
1144  fstat64(3, {st_mode=S_IFREG|0755, st_size=1967435, ...}) = 0
1144  mmap2(NULL, 1727172, PROT_READ|PROT_EXEC, MAP_PRIVATE|MAP_DENYWRITE, 3, 0) = 0xb73bc000
1144  mprotect(0xb755b000, 4096, PROT_NONE) = 0
1144  mmap2(0xb755c000, 12288, PROT_READ|PROT_WRITE, MAP_PRIVATE|MAP_FIXED|MAP_DENYWRITE, 3, 0x19f) = 0xb755c000
1144  mmap2(0xb755f000, 10948, PROT_READ|PROT_WRITE, MAP_PRIVATE|MAP_FIXED|MAP_ANONYMOUS, -1, 0) = 0xb755f000
1144  close(3)                          = 0
1144  open("/lib/librt.so.1", O_RDONLY|O_CLOEXEC) = 3
1144  read(3, "\177ELF\1\1\1\0\0\0\0\0\0\0\0\0\3\0\3\0\1\0\0\0@\31\0\0004\0\0\0"..., 512) = 512
1144  fstat64(3, {st_mode=S_IFREG|0755, st_size=30708, ...}) = 0
1144  mmap2(NULL, 33356, PROT_READ|PROT_EXEC, MAP_PRIVATE|MAP_DENYWRITE, 3, 0) = 0xb73b3000
1144  mmap2(0xb73ba000, 8192, PROT_READ|PROT_WRITE, MAP_PRIVATE|MAP_FIXED|MAP_DENYWRITE, 3, 0x6) = 0xb73ba000
1144  close(3)                          = 0
1144  open("/lib/libboost_chrono.so.1.50.0", O_RDONLY|O_CLOEXEC) = 3
1144  read(3, "\177ELF\1\1\1\0\0\0\0\0\0\0\0\0\3\0\3\0\1\0\0\0\0)\0\0004\0\0\0"..., 512) = 512
1144  mmap2(NULL, 4096, PROT_READ|PROT_WRITE, MAP_PRIVATE|MAP_ANONYMOUS, -1, 0) = 0xb73b2000
1144  fstat64(3, {st_mode=S_IFREG|0755, st_size=25268, ...}) = 0
1144  mmap2(NULL, 27968, PROT_READ|PROT_EXEC, MAP_PRIVATE|MAP_DENYWRITE, 3, 0) = 0xb73ab000
1144  mmap2(0xb73b1000, 4096, PROT_READ|PROT_WRITE, MAP_PRIVATE|MAP_FIXED|MAP_DENYWRITE, 3, 0x5) = 0xb73b1000
1144  close(3)                          = 0
1144  mmap2(NULL, 4096, PROT_READ|PROT_WRITE, MAP_PRIVATE|MAP_ANONYMOUS, -1, 0) = 0xb73aa000
1144  mmap2(NULL, 4096, PROT_READ|PROT_WRITE, MAP_PRIVATE|MAP_ANONYMOUS, -1, 0) = 0xb73a9000
1144  set_thread_area({entry_number:-1 -> 6, base_addr:0xb73a9700, limit:1048575, seg_32bit:1, contents:0, read_exec_only:0, limit_in_pages:1, seg_not_present:0, useable:1}) = 0
1144  mprotect(0xb755c000, 8192, PROT_READ) = 0
1144  mprotect(0xb76c2000, 4096, PROT_READ) = 0
1144  mprotect(0xb75bd000, 4096, PROT_READ) = 0
1144  mmap2(NULL, 4096, PROT_READ|PROT_WRITE, MAP_PRIVATE|MAP_ANONYMOUS, -1, 0) = 0xb73a8000
1144  mprotect(0xb769b000, 16384, PROT_READ) = 0
1144  mprotect(0xb73ba000, 4096, PROT_READ) = 0
1144  mprotect(0xb76c9000, 4096, PROT_READ) = 0
1144  mmap2(NULL, 4096, PROT_READ|PROT_WRITE, MAP_PRIVATE|MAP_ANONYMOUS, -1, 0) = 0xb73a7000
1144  mprotect(0xb7797000, 4096, PROT_READ) = 0
1144  munmap(0xb7759000, 114085)        = 0
1144  set_tid_address(0xb73a9768)       = 1144
1144  set_robust_list(0xb73a9770, 12)   = 0
1144  rt_sigaction(SIGRTMIN, {0xb76b05f0, [], SA_SIGINFO}, NULL, 8) = 0
1144  rt_sigaction(SIGRT_1, {0xb76b0680, [], SA_RESTART|SA_SIGINFO}, NULL, 8) = 0
1144  rt_sigprocmask(SIG_UNBLOCK, [RTMIN RT_1], NULL, 8) = 0
1144  getrlimit(RLIMIT_STACK, {rlim_cur=8192*1024, rlim_max=RLIM_INFINITY}) = 0
1144  uname({sys="Linux", node="ira", ...}) = 0
1144  futex(0xb76a52dc, FUTEX_WAKE_PRIVATE, 2147483647) = 0
1144  futex(0xb76a52e4, FUTEX_WAKE_PRIVATE, 2147483647) = 0
1144  brk(0)                            = 0x9e84000
1144  brk(0x9ea5000)                    = 0x9ea5000
1144  exit_group(0)                     = ?
1144  +++ exited with 0 +++
